<testsuites id="" name="" tests="7" failures="0" skipped="0" errors="0" time="3.525039">
<testsuite name="task-manager.spec.js" timestamp="2026-09-22T14:34:59.283Z" hostname="" tests="7" failures="0" skipped="0" time="2.164" errors="0">
<testcase name="create a task" classname="task-manager.spec.js" time="0.303">
</testcase>
<testcase name="rejects an empty title" classname="task-manager.spec.js" time="0.209">
</testcase>
<testcase name="edit a task title" classname="task-manager.spec.js" time="0.339">
</testcase>
<testcase name="edit a task description (TM-101)" classname="task-manager.spec.js" time="0.343">
</testcase>
<testcase name="advance status to Done then reopen" classname="task-manager.spec.js" time="0.427">
</testcase>
<testcase name="search filters the visible list" classname="task-manager.spec.js" time="0.253">
</testcase>
<testcase name="delete removes the task" classname="task-manager.spec.js" time="0.29">
</testcase>
</testsuite>
</testsuites>